[37mCommit hash: 002209a992253888d025344f831b28077a5210d1[39m
[37mBuild date: 1720592077480[39m
[2J[0;0f[33mâ”Œâ”€â”€â”€â”€â”€â”€â”€â”€â”€â”€â”€â”€â”€â”€â”€â”€â”€â”€â”€â”€â”€â”€â”€â”€â”€â”€â”€â”€â”€â”€â”€â”€â”€â”€â”€â”€â”€â”€â”€â”€â”€â”[39m
[33mâ”‚ SPT 3.9.0                               â”‚[39m
[33mâ”‚ https://discord.sp-tarkov.com           â”‚[39m
[33mâ”‚                                         â”‚[39m
[33mâ”‚ This work is free of charge             â”‚[39m
[33mâ”‚ If you paid money, you were scammed     â”‚[39m
[33mâ”‚ Commercial use is prohibited            â”‚[39m
[33mâ””â”€â”€â”€â”€â”€â”€â”€â”€â”€â”€â”€â”€â”€â”€â”€â”€â”€â”€â”€â”€â”€â”€â”€â”€â”€â”€â”€â”€â”€â”€â”€â”€â”€â”€â”€â”€â”€â”€â”€â”€â”€â”˜[39m
[37mModLoader: loading: 0 server mods...[39m
[37mModLoader: order.json is missing, creating...[39m
[37mServer: executing startup callbacks...[39m
[37mImporting database...[39m
[37mDatabase import finished[39m
[32mStarted webserver at http://127.0.0.1:6969[39m
[32mStarted websocket at ws://127.0.0.1:6969[39m
[32mServer is running, do not close while playing SPT, Happy playing!![39m
[37mCommit hash: 002209a992253888d025344f831b28077a5210d1[39m
[37mBuild date: 1720592077480[39m
[2J[0;0f[33mâ”Œâ”€â”€â”€â”€â”€â”€â”€â”€â”€â”€â”€â”€â”€â”€â”€â”€â”€â”€â”€â”€â”€â”€â”€â”€â”€â”€â”€â”€â”€â”€â”€â”€â”€â”€â”€â”€â”€â”€â”€â”€â”€â”[39m
[33mâ”‚ SPT 3.9.0                               â”‚[39m
[33mâ”‚ https://discord.sp-tarkov.com           â”‚[39m
[33mâ”‚                                         â”‚[39m
[33mâ”‚ This work is free of charge             â”‚[39m
[33mâ”‚ If you paid money, you were scammed     â”‚[39m
[33mâ”‚ Commercial use is prohibited            â”‚[39m
[33mâ””â”€â”€â”€â”€â”€â”€â”€â”€â”€â”€â”€â”€â”€â”€â”€â”€â”€â”€â”€â”€â”€â”€â”€â”€â”€â”€â”€â”€â”€â”€â”€â”€â”€â”€â”€â”€â”€â”€â”€â”€â”€â”˜[39m
[37mModLoader: loading: 0 server mods...[39m
[37mServer: executing startup callbacks...[39m
[37mImporting database...[39m
[37mDatabase import finished[39m
[32mStarted webserver at http://0.0.0.0:6969[39m
[32mStarted websocket at ws://0.0.0.0:6969[39m
[32mServer is running, do not close while playing SPT, Happy playing!![39m
